<?xml version="1.0" encoding="UTF-8"?>
<testsuite name="com.shuzzzle.mercurii.MercuriiApplicationTests" tests="1" skipped="0" failures="0" errors="0" timestamp="2019-09-25T01:56:22" hostname="SPARTAN-PC" time="0.071">
  <properties/>
  <testcase name="contextLoads" classname="com.shuzzzle.mercurii.MercuriiApplicationTests" time="0.071"/>
  <system-out><![CDATA[03:56:18.071 [Test worker] DEBUG org.springframework.test.context.junit4.SpringJUnit4ClassRunner - SpringJUnit4ClassRunner constructor called with [class com.shuzzzle.mercurii.MercuriiApplicationTests]
03:56:18.081 [Test worker] DEBUG org.springframework.test.context.BootstrapUtils - Instantiating CacheAwareContextLoaderDelegate from class [org.springframework.test.context.cache.DefaultCacheAwareContextLoaderDelegate]
03:56:18.088 [Test worker] DEBUG org.springframework.test.context.BootstrapUtils - Instantiating BootstrapContext using constructor [public org.springframework.test.context.support.DefaultBootstrapContext(java.lang.Class,org.springframework.test.context.CacheAwareContextLoaderDelegate)]
03:56:18.101 [Test worker] DEBUG org.springframework.test.context.BootstrapUtils - Instantiating TestContextBootstrapper for test class [com.shuzzzle.mercurii.MercuriiApplicationTests] from class [org.springframework.boot.test.context.SpringBootTestContextBootstrapper]
03:56:18.110 [Test worker] INFO org.springframework.boot.test.context.SpringBootTestContextBootstrapper - Neither @ContextConfiguration nor @ContextHierarchy found for test class [com.shuzzzle.mercurii.MercuriiApplicationTests], using SpringBootContextLoader
03:56:18.112 [Test worker] DEBUG org.springframework.test.context.support.AbstractContextLoader - Did not detect default resource location for test class [com.shuzzzle.mercurii.MercuriiApplicationTests]: class path resource [com/shuzzzle/mercurii/MercuriiApplicationTests-context.xml] does not exist
03:56:18.113 [Test worker] DEBUG org.springframework.test.context.support.AbstractContextLoader - Did not detect default resource location for test class [com.shuzzzle.mercurii.MercuriiApplicationTests]: class path resource [com/shuzzzle/mercurii/MercuriiApplicationTestsContext.groovy] does not exist
03:56:18.113 [Test worker] INFO org.springframework.test.context.support.AbstractContextLoader - Could not detect default resource locations for test class [com.shuzzzle.mercurii.MercuriiApplicationTests]: no resource found for suffixes {-context.xml, Context.groovy}.
03:56:18.114 [Test worker] INFO org.springframework.test.context.support.AnnotationConfigContextLoaderUtils - Could not detect default configuration classes for test class [com.shuzzzle.mercurii.MercuriiApplicationTests]: MercuriiApplicationTests does not declare any static, non-private, non-final, nested classes annotated with @Configuration.
03:56:18.155 [Test worker] DEBUG org.springframework.test.context.support.ActiveProfilesUtils - Could not find an 'annotation declaring class' for annotation type [org.springframework.test.context.ActiveProfiles] and class [com.shuzzzle.mercurii.MercuriiApplicationTests]
03:56:18.211 [Test worker] DEBUG org.springframework.context.annotation.ClassPathScanningCandidateComponentProvider - Identified candidate component class: file [D:\Projekte\mercurii\build\classes\java\main\com\shuzzzle\mercurii\MercuriiApplication.class]
03:56:18.213 [Test worker] INFO org.springframework.boot.test.context.SpringBootTestContextBootstrapper - Found @SpringBootConfiguration com.shuzzzle.mercurii.MercuriiApplication for test class com.shuzzzle.mercurii.MercuriiApplicationTests
03:56:18.291 [Test worker] DEBUG org.springframework.boot.test.context.SpringBootTestContextBootstrapper - @TestExecutionListeners is not present for class [com.shuzzzle.mercurii.MercuriiApplicationTests]: using defaults.
03:56:18.292 [Test worker] INFO org.springframework.boot.test.context.SpringBootTestContextBootstrapper - Loaded default TestExecutionListener class names from location [META-INF/spring.factories]: [org.springframework.boot.test.autoconfigure.restdocs.RestDocsTestExecutionListener, org.springframework.boot.test.autoconfigure.web.client.MockRestServiceServerResetTestExecutionListener, org.springframework.boot.test.autoconfigure.web.servlet.MockMvcPrintOnlyOnFailureTestExecutionListener, org.springframework.boot.test.autoconfigure.web.servlet.WebDriverTestExecutionListener, org.springframework.boot.test.mock.mockito.MockitoTestExecutionListener, org.springframework.boot.test.mock.mockito.ResetMocksTestExecutionListener, org.springframework.test.context.web.ServletTestExecutionListener, org.springframework.test.context.support.DirtiesContextBeforeModesTestExecutionListener, org.springframework.test.context.support.DependencyInjectionTestExecutionListener, org.springframework.test.context.support.DirtiesContextTestExecutionListener, org.springframework.test.context.transaction.TransactionalTestExecutionListener, org.springframework.test.context.jdbc.SqlScriptsTestExecutionListener]
03:56:18.306 [Test worker] INFO org.springframework.boot.test.context.SpringBootTestContextBootstrapper - Using TestExecutionListeners: [org.springframework.test.context.web.ServletTestExecutionListener@7a13e302, org.springframework.test.context.support.DirtiesContextBeforeModesTestExecutionListener@6e76db07, org.springframework.boot.test.mock.mockito.MockitoTestExecutionListener@207478d9, org.springframework.boot.test.autoconfigure.SpringBootDependencyInjectionTestExecutionListener@36d2cb15, org.springframework.test.context.support.DirtiesContextTestExecutionListener@53bc353e, org.springframework.test.context.transaction.TransactionalTestExecutionListener@bca72ad, org.springframework.test.context.jdbc.SqlScriptsTestExecutionListener@8fb61bd, org.springframework.boot.test.autoconfigure.restdocs.RestDocsTestExecutionListener@28d189d4, org.springframework.boot.test.autoconfigure.web.client.MockRestServiceServerResetTestExecutionListener@1a764c35, org.springframework.boot.test.autoconfigure.web.servlet.MockMvcPrintOnlyOnFailureTestExecutionListener@42f10acc, org.springframework.boot.test.autoconfigure.web.servlet.WebDriverTestExecutionListener@11d46da6, org.springframework.boot.test.mock.mockito.ResetMocksTestExecutionListener@356fd961]
03:56:18.308 [Test worker] DEBUG org.springframework.test.annotation.ProfileValueUtils - Retrieved @ProfileValueSourceConfiguration [null] for test class [com.shuzzzle.mercurii.MercuriiApplicationTests]
03:56:18.308 [Test worker] DEBUG org.springframework.test.annotation.ProfileValueUtils - Retrieved ProfileValueSource type [class org.springframework.test.annotation.SystemProfileValueSource] for class [com.shuzzzle.mercurii.MercuriiApplicationTests]
03:56:18.309 [Test worker] DEBUG org.springframework.test.annotation.ProfileValueUtils - Retrieved @ProfileValueSourceConfiguration [null] for test class [com.shuzzzle.mercurii.MercuriiApplicationTests]
03:56:18.309 [Test worker] DEBUG org.springframework.test.annotation.ProfileValueUtils - Retrieved ProfileValueSource type [class org.springframework.test.annotation.SystemProfileValueSource] for class [com.shuzzzle.mercurii.MercuriiApplicationTests]
03:56:18.313 [Test worker] DEBUG org.springframework.test.context.support.AbstractDirtiesContextTestExecutionListener - Before test class: context [DefaultTestContext@11189e74 testClass = MercuriiApplicationTests, testInstance = [null], testMethod = [null], testException = [null], mergedContextConfiguration = [WebMergedContextConfiguration@7cdb4980 testClass = MercuriiApplicationTests, locations = '{}', classes = '{class com.shuzzzle.mercurii.MercuriiApplication}', contextInitializerClasses = '[]', activeProfiles = '{}', propertySourceLocations = '{}', propertySourceProperties = '{org.springframework.boot.test.context.SpringBootTestContextBootstrapper=true}', contextCustomizers = set[org.springframework.boot.test.autoconfigure.properties.PropertyMappingContextCustomizer@0, org.springframework.boot.test.autoconfigure.web.servlet.WebDriverContextCustomizerFactory$Customizer@7ecd80fe, org.springframework.boot.test.context.filter.ExcludeFilterContextCustomizer@74227767, org.springframework.boot.test.json.DuplicateJsonObjectContextCustomizerFactory$DuplicateJsonObjectContextCustomizer@eae52ae, org.springframework.boot.test.mock.mockito.MockitoContextCustomizer@0, org.springframework.boot.test.web.client.TestRestTemplateContextCustomizer@3d95aa41], resourceBasePath = 'src/main/webapp', contextLoader = 'org.springframework.boot.test.context.SpringBootContextLoader', parent = [null]], attributes = map['org.springframework.test.context.web.ServletTestExecutionListener.activateListener' -> true]], class annotated with @DirtiesContext [false] with mode [null].
03:56:18.314 [Test worker] DEBUG org.springframework.test.annotation.ProfileValueUtils - Retrieved @ProfileValueSourceConfiguration [null] for test class [com.shuzzzle.mercurii.MercuriiApplicationTests]
03:56:18.314 [Test worker] DEBUG org.springframework.test.annotation.ProfileValueUtils - Retrieved ProfileValueSource type [class org.springframework.test.annotation.SystemProfileValueSource] for class [com.shuzzzle.mercurii.MercuriiApplicationTests]
03:56:18.330 [Test worker] DEBUG org.springframework.test.context.support.TestPropertySourceUtils - Adding inlined properties to environment: {spring.jmx.enabled=false, org.springframework.boot.test.context.SpringBootTestContextBootstrapper=true, server.port=-1}

  .   ____          _            __ _ _
 /\\ / ___'_ __ _ _(_)_ __  __ _ \ \ \ \
( ( )\___ | '_ | '_| | '_ \/ _` | \ \ \ \
 \\/  ___)| |_)| | | | | || (_| |  ) ) ) )
  '  |____| .__|_| |_|_| |_\__, | / / / /
 =========|_|==============|___/=/_/_/_/
 :: Spring Boot ::        (v2.1.8.RELEASE)

2019-09-25 03:56:18.570  INFO 13164 --- [    Test worker] c.s.mercurii.MercuriiApplicationTests    : Starting MercuriiApplicationTests on SPARTAN-PC with PID 13164 (started by Niclas in D:\Projekte\mercurii)
2019-09-25 03:56:18.571  INFO 13164 --- [    Test worker] c.s.mercurii.MercuriiApplicationTests    : No active profile set, falling back to default profiles: default
2019-09-25 03:56:19.141  INFO 13164 --- [    Test worker] .s.d.r.c.RepositoryConfigurationDelegate : Multiple Spring Data modules found, entering strict repository configuration mode!
2019-09-25 03:56:19.142  INFO 13164 --- [    Test worker] .s.d.r.c.RepositoryConfigurationDelegate : Bootstrapping Spring Data repositories in DEFAULT mode.
2019-09-25 03:56:19.160  INFO 13164 --- [    Test worker] .s.d.r.c.RepositoryConfigurationDelegate : Finished Spring Data repository scanning in 14ms. Found 0 repository interfaces.
2019-09-25 03:56:19.168  INFO 13164 --- [    Test worker] .s.d.r.c.RepositoryConfigurationDelegate : Multiple Spring Data modules found, entering strict repository configuration mode!
2019-09-25 03:56:19.169  INFO 13164 --- [    Test worker] .s.d.r.c.RepositoryConfigurationDelegate : Bootstrapping Spring Data repositories in DEFAULT mode.
2019-09-25 03:56:19.175  INFO 13164 --- [    Test worker] .s.d.r.c.RepositoryConfigurationDelegate : Finished Spring Data repository scanning in 2ms. Found 0 repository interfaces.
2019-09-25 03:56:19.483  INFO 13164 --- [    Test worker] trationDelegate$BeanPostProcessorChecker : Bean 'org.springframework.transaction.annotation.ProxyTransactionManagementConfiguration' of type [org.springframework.transaction.annotation.ProxyTransactionManagementConfiguration$$EnhancerBySpringCGLIB$$7bb3b94a] is not eligible for getting processed by all BeanPostProcessors (for example: not eligible for auto-proxying)
2019-09-25 03:56:19.652  INFO 13164 --- [    Test worker] com.zaxxer.hikari.HikariDataSource       : HikariPool-1 - Starting...
2019-09-25 03:56:19.944  INFO 13164 --- [    Test worker] com.zaxxer.hikari.HikariDataSource       : HikariPool-1 - Start completed.
2019-09-25 03:56:20.004  INFO 13164 --- [    Test worker] o.hibernate.jpa.internal.util.LogHelper  : HHH000204: Processing PersistenceUnitInfo [
	name: default
	...]
2019-09-25 03:56:20.072  INFO 13164 --- [    Test worker] org.hibernate.Version                    : HHH000412: Hibernate Core {5.3.11.Final}
2019-09-25 03:56:20.073  INFO 13164 --- [    Test worker] org.hibernate.cfg.Environment            : HHH000206: hibernate.properties not found
2019-09-25 03:56:20.245  INFO 13164 --- [    Test worker] o.hibernate.annotations.common.Version   : HCANN000001: Hibernate Commons Annotations {5.0.4.Final}
2019-09-25 03:56:20.375  INFO 13164 --- [    Test worker] org.hibernate.dialect.Dialect            : HHH000400: Using dialect: org.hibernate.dialect.MySQL5Dialect
2019-09-25 03:56:21.056 DEBUG 13164 --- [    Test worker] org.hibernate.SQL                        : alter table user_roles add constraint FKj9553ass9uctjrmh0gkqsmv0d foreign key (roles_id) references role (id)
2019-09-25 03:56:21.101 DEBUG 13164 --- [    Test worker] org.hibernate.SQL                        : alter table user_roles add constraint FK7ecyobaa59vxkxckg6t355l86 foreign key (users_id) references user (id)
2019-09-25 03:56:21.133  INFO 13164 --- [    Test worker] j.LocalContainerEntityManagerFactoryBean : Initialized JPA EntityManagerFactory for persistence unit 'default'
2019-09-25 03:56:21.685  INFO 13164 --- [    Test worker] o.s.s.concurrent.ThreadPoolTaskExecutor  : Initializing ExecutorService 'applicationTaskExecutor'
2019-09-25 03:56:21.733  WARN 13164 --- [    Test worker] aWebConfiguration$JpaWebMvcConfiguration : spring.jpa.open-in-view is enabled by default. Therefore, database queries may be performed during view rendering. Explicitly configure spring.jpa.open-in-view to disable this warning
2019-09-25 03:56:22.147  INFO 13164 --- [    Test worker] io.crnk.core.boot.CrnkBoot               : crnk initialized: numResources=23, usedModules=[jackson, servlet, spring.exception, home, jpa, meta, spring.mvc, spring.security], securityProviders=[ServletSecurityProvider], pagingBehaviors=[OffsetLimitPagingBehavior], urlMapper=DefaultQuerySpecUrlMapper, serviceDiscovery=SpringServiceDiscovery
2019-09-25 03:56:22.390  INFO 13164 --- [    Test worker] c.s.mercurii.MercuriiApplicationTests    : Started MercuriiApplicationTests in 4.054 seconds (JVM running for 5.054)
]]></system-out>
  <system-err><![CDATA[]]></system-err>
</testsuite>
